# JRE version: OpenJDK Runtime Environment Temurin-21.0.6+7 (21.0.6+7) (build 21.0.6+7-LTS)
# Java VM: OpenJDK 64-Bit Server VM Temurin-21.0.6+7 (21.0.6+7-LTS, mixed mode, emulated-client, sharing, tiered, compressed oops, compressed class ptrs, g1 gc, bsd-amd64)
GC Precious Log:
 CardTable entry size: 512
 Card Set container configuration: InlinePtr #cards 4 size 8 Array Of Cards #cards 16 size 48 Howl #buckets 8 coarsen threshold 3686 Howl Bitmap #cards 512 size 80 coarsen threshold 460 Card regions per heap region 1 cards per card region 4096
 CPUs: 8 total, 8 available
 Memory: 16384M
 Large Page Support: Disabled
 NUMA Support: Disabled
 Compressed Oops: Enabled (Zero based)
 Heap Region Size: 2M
 Heap Min Capacity: 8M
 Heap Initial Capacity: 256M
 Heap Max Capacity: 4G
 Pre-touch: Disabled
 Parallel Workers: 8
 Concurrent Workers: 2
 Concurrent Refinement Workers: 8
 Periodic GC: Disabled
Heap:
 garbage-first heap   total 122880K, used 63814K [0x0000000700000000, 0x0000000800000000)
  region size 2048K, 10 young (20480K), 4 survivors (8192K)
 Metaspace       used 85824K, committed 86784K, reserved 1179648K
  class space    used 12052K, committed 12480K, reserved 1048576K
GC Heap History (20 events):
Event: 6.944 GC heap before
{Heap before GC invocations=20 (full 0):
 garbage-first heap   total 100352K, used 86569K [0x0000000700000000, 0x0000000800000000)
  region size 2048K, 28 young (57344K), 3 survivors (6144K)
 Metaspace       used 70413K, committed 71168K, reserved 1114112K
  class space    used 9783K, committed 10112K, reserved 1048576K
}
Event: 6.947 GC heap after
{Heap after GC invocations=21 (full 0):
 garbage-first heap   total 120832K, used 37102K [0x0000000700000000, 0x0000000800000000)
  region size 2048K, 4 young (8192K), 4 survivors (8192K)
 Metaspace       used 70413K, committed 71168K, reserved 1114112K
  class space    used 9783K, committed 10112K, reserved 1048576K
}
Event: 7.058 GC heap before
{Heap before GC invocations=21 (full 0):
 garbage-first heap   total 120832K, used 100590K [0x0000000700000000, 0x0000000800000000)
  region size 2048K, 35 young (71680K), 4 survivors (8192K)
 Metaspace       used 70914K, committed 71680K, reserved 1114112K
  class space    used 9915K, committed 10240K, reserved 1048576K
}
Event: 7.062 GC heap after
{Heap after GC invocations=22 (full 0):
 garbage-first heap   total 120832K, used 45457K [0x0000000700000000, 0x0000000800000000)
  region size 2048K, 5 young (10240K), 5 survivors (10240K)
 Metaspace       used 70914K, committed 71680K, reserved 1114112K
  class space    used 9915K, committed 10240K, reserved 1048576K
}
Event: 7.135 GC heap before
{Heap before GC invocations=22 (full 0):
 garbage-first heap   total 120832K, used 100753K [0x0000000700000000, 0x0000000800000000)
  region size 2048K, 32 young (65536K), 5 survivors (10240K)
 Metaspace       used 70917K, committed 71680K, reserved 1114112K
  class space    used 9915K, committed 10240K, reserved 1048576K
}
Event: 7.144 GC heap after
{Heap after GC invocations=23 (full 0):
 garbage-first heap   total 122880K, used 56557K [0x0000000700000000, 0x0000000800000000)
  region size 2048K, 4 young (8192K), 4 survivors (8192K)
 Metaspace       used 70917K, committed 71680K, reserved 1114112K
  class space    used 9915K, committed 10240K, reserved 1048576K
}
Event: 7.250 GC heap before
{Heap before GC invocations=23 (full 0):
 garbage-first heap   total 122880K, used 103661K [0x0000000700000000, 0x0000000800000000)
  region size 2048K, 27 young (55296K), 4 survivors (8192K)
 Metaspace       used 72417K, committed 73152K, reserved 1114112K
  class space    used 10171K, committed 10496K, reserved 1048576K
}
Event: 7.254 GC heap after
{Heap after GC invocations=24 (full 0):
 garbage-first heap   total 122880K, used 62450K [0x0000000700000000, 0x0000000800000000)
  region size 2048K, 3 young (6144K), 3 survivors (6144K)
 Metaspace       used 72417K, committed 73152K, reserved 1114112K
  class space    used 10171K, committed 10496K, reserved 1048576K
}
Event: 7.629 GC heap before
{Heap before GC invocations=25 (full 0):
 garbage-first heap   total 122880K, used 105458K [0x0000000700000000, 0x0000000800000000)
  region size 2048K, 24 young (49152K), 3 survivors (6144K)
 Metaspace       used 72514K, committed 73280K, reserved 1114112K
  class space    used 10202K, committed 10560K, reserved 1048576K
}
Event: 7.631 GC heap after
{Heap after GC invocations=26 (full 0):
 garbage-first heap   total 122880K, used 60180K [0x0000000700000000, 0x0000000800000000)
  region size 2048K, 1 young (2048K), 1 survivors (2048K)
 Metaspace       used 72514K, committed 73280K, reserved 1114112K
  class space    used 10202K, committed 10560K, reserved 1048576K
}
Event: 7.980 GC heap before
{Heap before GC invocations=26 (full 0):
 garbage-first heap   total 122880K, used 107284K [0x0000000700000000, 0x0000000800000000)
  region size 2048K, 24 young (49152K), 1 survivors (2048K)
 Metaspace       used 73196K, committed 73920K, reserved 1114112K
  class space    used 10294K, committed 10624K, reserved 1048576K
}
Event: 7.982 GC heap after
{Heap after GC invocations=27 (full 0):
 garbage-first heap   total 122880K, used 61198K [0x0000000700000000, 0x0000000800000000)
  region size 2048K, 2 young (4096K), 2 survivors (4096K)
 Metaspace       used 73196K, committed 73920K, reserved 1114112K
  class space    used 10294K, committed 10624K, reserved 1048576K
}
Event: 8.260 GC heap before
{Heap before GC invocations=27 (full 0):
 garbage-first heap   total 122880K, used 108302K [0x0000000700000000, 0x0000000800000000)
  region size 2048K, 25 young (51200K), 2 survivors (4096K)
 Metaspace       used 75977K, committed 76800K, reserved 1179648K
  class space    used 10665K, committed 11008K, reserved 1048576K
}
Event: 8.264 GC heap after
{Heap after GC invocations=28 (full 0):
 garbage-first heap   total 122880K, used 63387K [0x0000000700000000, 0x0000000800000000)
  region size 2048K, 3 young (6144K), 3 survivors (6144K)
 Metaspace       used 75977K, committed 76800K, reserved 1179648K
  class space    used 10665K, committed 11008K, reserved 1048576K
}
Event: 8.882 GC heap before
{Heap before GC invocations=29 (full 0):
 garbage-first heap   total 122880K, used 108443K [0x0000000700000000, 0x0000000800000000)
  region size 2048K, 25 young (51200K), 3 survivors (6144K)
 Metaspace       used 78123K, committed 79040K, reserved 1179648K
  class space    used 10982K, committed 11392K, reserved 1048576K
}
Event: 8.886 GC heap after
{Heap after GC invocations=30 (full 0):
 garbage-first heap   total 122880K, used 66018K [0x0000000700000000, 0x0000000800000000)
  region size 2048K, 4 young (8192K), 4 survivors (8192K)
 Metaspace       used 78123K, committed 79040K, reserved 1179648K
  class space    used 10982K, committed 11392K, reserved 1048576K
}
Event: 23.347 GC heap before
{Heap before GC invocations=30 (full 0):
 garbage-first heap   total 122880K, used 106978K [0x0000000700000000, 0x0000000800000000)
  region size 2048K, 24 young (49152K), 4 survivors (8192K)
 Metaspace       used 81436K, committed 82432K, reserved 1179648K
  class space    used 11449K, committed 11904K, reserved 1048576K
}
Event: 23.361 GC heap after
{Heap after GC invocations=31 (full 0):
 garbage-first heap   total 122880K, used 56354K [0x0000000700000000, 0x0000000800000000)
  region size 2048K, 3 young (6144K), 3 survivors (6144K)
 Metaspace       used 81436K, committed 82432K, reserved 1179648K
  class space    used 11449K, committed 11904K, reserved 1048576K
}
Event: 32.795 GC heap before
{Heap before GC invocations=31 (full 0):
 garbage-first heap   total 122880K, used 105506K [0x0000000700000000, 0x0000000800000000)
  region size 2048K, 28 young (57344K), 3 survivors (6144K)
 Metaspace       used 85343K, committed 86272K, reserved 1179648K
  class space    used 11991K, committed 12416K, reserved 1048576K
}
Event: 32.814 GC heap after
{Heap after GC invocations=32 (full 0):
 garbage-first heap   total 122880K, used 55622K [0x0000000700000000, 0x0000000800000000)
  region size 2048K, 4 young (8192K), 4 survivors (8192K)
 Metaspace       used 85343K, committed 86272K, reserved 1179648K
  class space    used 11991K, committed 12416K, reserved 1048576K
}

